<?xml version="1.0" encoding="UTF-8"?>
<!-- Generated by org.testng.reporters.JUnitXMLReporter -->
<testsuite hostname="LAPTOP-Q3BH3LLJ" ignored="0" name="Default test" tests="2" failures="0" timestamp="22 May 2020 08:23:52 GMT" time="320.682" errors="0">
  <testcase name="testRegistration" time="236.518" classname="Way2Automation.Way2AutomationE2E.TestAutomation"/>
  <testcase name="xdropdownFunctionality" time="33.245" classname="Way2Automation.Way2AutomationE2E.TestAutomation"/>
</testsuite> <!-- Default test -->
