<?xml version="1.0" encoding="UTF-8"?>
<!-- Generated by org.testng.reporters.JUnitXMLReporter -->
<testsuite ignored="0" hostname="LAPTOP-Q3BH3LLJ" failures="0" tests="3" name="Test" time="123.414" errors="0" timestamp="25 May 2020 09:49:09 GMT">
  <testcase classname="Way2Automation.Way2AutomationE2E.TestAutomation" name="a_testRegistration" time="66.461"/>
  <testcase classname="Way2Automation.Way2AutomationE2E.TestAutomation" name="b_dropdownFunctionality" time="55.262"/>
  <testcase classname="Way2Automation.Way2AutomationE2E.TestAutomation" name="c_testInteraction" time="1.645"/>
</testsuite> <!-- Test -->
