<?xml version="1.0" encoding="UTF-8"?>
<testsuite xmlns:xsi="http://www.w3.org/2001/XMLSchema-instance" xsi:noNamespaceSchemaLocation="https://maven.apache.org/surefire/maven-surefire-plugin/xsd/surefire-test-report.xsd" name="TestSuite" time="127.449" tests="3" errors="0" skipped="0" failures="0">
  <properties>
[...]
</properties>
  <testcase name="a_testRegistration" classname="Way2Automation.Way2AutomationE2E.TestAutomation" time="66.472"/>
  <testcase name="b_dropdownFunctionality" classname="Way2Automation.Way2AutomationE2E.TestAutomation" time="55.255"/>
  <testcase name="c_testInteraction" classname="Way2Automation.Way2AutomationE2E.TestAutomation" time="1.641"/>
</testsuite>